<?xml version="1.0" encoding="UTF-8"?>
<!-- Generated by org.testng.reporters.JUnitReportReporter -->
<testsuite hostname="Morris-Swertzs-MacBook-Air.local" name="org.molgenis.compute5.test.parsers.ParametersParserTest" tests="1" failures="0" timestamp="16 Feb 2013 11:30:01 GMT" time="0.004" errors="0">
  <testcase name="test" time="0.004" classname="org.molgenis.compute5.test.parsers.ParametersParserTest"/>
</testsuite> <!-- org.molgenis.compute5.test.parsers.ParametersParserTest -->
